#! /opt/homebrew/Cellar/icarus-verilog/12.0/bin/vvp
:ivl_version "12.0 (stable)";
:ivl_delay_selection "TYPICAL";
:vpi_time_precision + 0;
:vpi_module "/opt/homebrew/Cellar/icarus-verilog/12.0/lib/ivl/system.vpi";
:vpi_module "/opt/homebrew/Cellar/icarus-verilog/12.0/lib/ivl/vhdl_sys.vpi";
:vpi_module "/opt/homebrew/Cellar/icarus-verilog/12.0/lib/ivl/vhdl_textio.vpi";
:vpi_module "/opt/homebrew/Cellar/icarus-verilog/12.0/lib/ivl/v2005_math.vpi";
:vpi_module "/opt/homebrew/Cellar/icarus-verilog/12.0/lib/ivl/va_math.vpi";
S_0x11fe08340 .scope module, "priority_encoder" "priority_encoder" 2 1;
 .timescale 0 0;
    .port_info 0 /INPUT 25 "significand";
    .port_info 1 /INPUT 8 "exp_a";
    .port_info 2 /OUTPUT 25 "Significand";
    .port_info 3 /OUTPUT 8 "exp_sub";
v0x11fe084b0_0 .var "Significand", 24 0;
v0x11fe2bba0_0 .net *"_ivl_0", 7 0, L_0x11fe2c030;  1 drivers
L_0x110078010 .functor BUFT 1, C4<000>, C4<0>, C4<0>, C4<0>;
v0x11fe2bc40_0 .net *"_ivl_3", 2 0, L_0x110078010;  1 drivers
o0x1100400a0 .functor BUFZ 8, C4<zzzzzzzz>; HiZ drive
v0x11fe2bcf0_0 .net "exp_a", 7 0, o0x1100400a0;  0 drivers
v0x11fe2bda0_0 .net "exp_sub", 7 0, L_0x11fe2c170;  1 drivers
v0x11fe2be90_0 .var "shift", 4 0;
o0x110040130 .functor BUFZ 25, C4<zzzzzzzzzzzzzzzzzzzzzzzzz>; HiZ drive
v0x11fe2bf40_0 .net "significand", 24 0, o0x110040130;  0 drivers
E_0x11fe08c70 .event anyedge, v0x11fe2bf40_0;
L_0x11fe2c030 .concat [ 5 3 0 0], v0x11fe2be90_0, L_0x110078010;
L_0x11fe2c170 .arith/sub 8, o0x1100400a0, L_0x11fe2c030;
    .scope S_0x11fe08340;
T_0 ;
    %wait E_0x11fe08c70;
    %load/vec4 v0x11fe2bf40_0;
    %dup/vec4;
    %pushi/vec4 33554431, 8388607, 25;
    %cmp/x;
    %jmp/1 T_0.0, 4;
    %dup/vec4;
    %pushi/vec4 25165823, 4194303, 25;
    %cmp/x;
    %jmp/1 T_0.1, 4;
    %dup/vec4;
    %pushi/vec4 20971519, 2097151, 25;
    %cmp/x;
    %jmp/1 T_0.2, 4;
    %dup/vec4;
    %pushi/vec4 18874367, 1048575, 25;
    %cmp/x;
    %jmp/1 T_0.3, 4;
    %dup/vec4;
    %pushi/vec4 17825791, 524287, 25;
    %cmp/x;
    %jmp/1 T_0.4, 4;
    %dup/vec4;
    %pushi/vec4 17301503, 262143, 25;
    %cmp/x;
    %jmp/1 T_0.5, 4;
    %dup/vec4;
    %pushi/vec4 17039359, 131071, 25;
    %cmp/x;
    %jmp/1 T_0.6, 4;
    %dup/vec4;
    %pushi/vec4 16908287, 65535, 25;
    %cmp/x;
    %jmp/1 T_0.7, 4;
    %dup/vec4;
    %pushi/vec4 16842751, 32767, 25;
    %cmp/x;
    %jmp/1 T_0.8, 4;
    %dup/vec4;
    %pushi/vec4 16809983, 16383, 25;
    %cmp/x;
    %jmp/1 T_0.9, 4;
    %dup/vec4;
    %pushi/vec4 16793599, 8191, 25;
    %cmp/x;
    %jmp/1 T_0.10, 4;
    %dup/vec4;
    %pushi/vec4 16785407, 4095, 25;
    %cmp/x;
    %jmp/1 T_0.11, 4;
    %dup/vec4;
    %pushi/vec4 16781311, 2047, 25;
    %cmp/x;
    %jmp/1 T_0.12, 4;
    %dup/vec4;
    %pushi/vec4 16779263, 1023, 25;
    %cmp/x;
    %jmp/1 T_0.13, 4;
    %dup/vec4;
    %pushi/vec4 16778239, 511, 25;
    %cmp/x;
    %jmp/1 T_0.14, 4;
    %dup/vec4;
    %pushi/vec4 16777727, 255, 25;
    %cmp/x;
    %jmp/1 T_0.15, 4;
    %dup/vec4;
    %pushi/vec4 16777471, 127, 25;
    %cmp/x;
    %jmp/1 T_0.16, 4;
    %dup/vec4;
    %pushi/vec4 16777343, 63, 25;
    %cmp/x;
    %jmp/1 T_0.17, 4;
    %dup/vec4;
    %pushi/vec4 16777279, 31, 25;
    %cmp/x;
    %jmp/1 T_0.18, 4;
    %dup/vec4;
    %pushi/vec4 16777247, 15, 25;
    %cmp/x;
    %jmp/1 T_0.19, 4;
    %dup/vec4;
    %pushi/vec4 16777231, 7, 25;
    %cmp/x;
    %jmp/1 T_0.20, 4;
    %dup/vec4;
    %pushi/vec4 16777223, 3, 25;
    %cmp/x;
    %jmp/1 T_0.21, 4;
    %dup/vec4;
    %pushi/vec4 16777219, 1, 25;
    %cmp/x;
    %jmp/1 T_0.22, 4;
    %dup/vec4;
    %pushi/vec4 16777217, 0, 25;
    %cmp/x;
    %jmp/1 T_0.23, 4;
    %dup/vec4;
    %pushi/vec4 16777216, 0, 25;
    %cmp/x;
    %jmp/1 T_0.24, 4;
    %load/vec4 v0x11fe2bf40_0;
    %inv;
    %addi 1, 0, 25;
    %store/vec4 v0x11fe084b0_0, 0, 25;
    %pushi/vec4 0, 0, 5;
    %store/vec4 v0x11fe2be90_0, 0, 5;
    %jmp T_0.26;
T_0.0 ;
    %load/vec4 v0x11fe2bf40_0;
    %store/vec4 v0x11fe084b0_0, 0, 25;
    %pushi/vec4 0, 0, 5;
    %store/vec4 v0x11fe2be90_0, 0, 5;
    %jmp T_0.26;
T_0.1 ;
    %load/vec4 v0x11fe2bf40_0;
    %ix/load 4, 1, 0;
    %flag_set/imm 4, 0;
    %shiftl 4;
    %store/vec4 v0x11fe084b0_0, 0, 25;
    %pushi/vec4 1, 0, 5;
    %store/vec4 v0x11fe2be90_0, 0, 5;
    %jmp T_0.26;
T_0.2 ;
    %load/vec4 v0x11fe2bf40_0;
    %ix/load 4, 2, 0;
    %flag_set/imm 4, 0;
    %shiftl 4;
    %store/vec4 v0x11fe084b0_0, 0, 25;
    %pushi/vec4 2, 0, 5;
    %store/vec4 v0x11fe2be90_0, 0, 5;
    %jmp T_0.26;
T_0.3 ;
    %load/vec4 v0x11fe2bf40_0;
    %ix/load 4, 3, 0;
    %flag_set/imm 4, 0;
    %shiftl 4;
    %store/vec4 v0x11fe084b0_0, 0, 25;
    %pushi/vec4 3, 0, 5;
    %store/vec4 v0x11fe2be90_0, 0, 5;
    %jmp T_0.26;
T_0.4 ;
    %load/vec4 v0x11fe2bf40_0;
    %ix/load 4, 4, 0;
    %flag_set/imm 4, 0;
    %shiftl 4;
    %store/vec4 v0x11fe084b0_0, 0, 25;
    %pushi/vec4 4, 0, 5;
    %store/vec4 v0x11fe2be90_0, 0, 5;
    %jmp T_0.26;
T_0.5 ;
    %load/vec4 v0x11fe2bf40_0;
    %ix/load 4, 5, 0;
    %flag_set/imm 4, 0;
    %shiftl 4;
    %store/vec4 v0x11fe084b0_0, 0, 25;
    %pushi/vec4 5, 0, 5;
    %store/vec4 v0x11fe2be90_0, 0, 5;
    %jmp T_0.26;
T_0.6 ;
    %load/vec4 v0x11fe2bf40_0;
    %ix/load 4, 6, 0;
    %flag_set/imm 4, 0;
    %shiftl 4;
    %store/vec4 v0x11fe084b0_0, 0, 25;
    %pushi/vec4 6, 0, 5;
    %store/vec4 v0x11fe2be90_0, 0, 5;
    %jmp T_0.26;
T_0.7 ;
    %load/vec4 v0x11fe2bf40_0;
    %ix/load 4, 7, 0;
    %flag_set/imm 4, 0;
    %shiftl 4;
    %store/vec4 v0x11fe084b0_0, 0, 25;
    %pushi/vec4 7, 0, 5;
    %store/vec4 v0x11fe2be90_0, 0, 5;
    %jmp T_0.26;
T_0.8 ;
    %load/vec4 v0x11fe2bf40_0;
    %ix/load 4, 8, 0;
    %flag_set/imm 4, 0;
    %shiftl 4;
    %store/vec4 v0x11fe084b0_0, 0, 25;
    %pushi/vec4 8, 0, 5;
    %store/vec4 v0x11fe2be90_0, 0, 5;
    %jmp T_0.26;
T_0.9 ;
    %load/vec4 v0x11fe2bf40_0;
    %ix/load 4, 9, 0;
    %flag_set/imm 4, 0;
    %shiftl 4;
    %store/vec4 v0x11fe084b0_0, 0, 25;
    %pushi/vec4 9, 0, 5;
    %store/vec4 v0x11fe2be90_0, 0, 5;
    %jmp T_0.26;
T_0.10 ;
    %load/vec4 v0x11fe2bf40_0;
    %ix/load 4, 10, 0;
    %flag_set/imm 4, 0;
    %shiftl 4;
    %store/vec4 v0x11fe084b0_0, 0, 25;
    %pushi/vec4 10, 0, 5;
    %store/vec4 v0x11fe2be90_0, 0, 5;
    %jmp T_0.26;
T_0.11 ;
    %load/vec4 v0x11fe2bf40_0;
    %ix/load 4, 11, 0;
    %flag_set/imm 4, 0;
    %shiftl 4;
    %store/vec4 v0x11fe084b0_0, 0, 25;
    %pushi/vec4 11, 0, 5;
    %store/vec4 v0x11fe2be90_0, 0, 5;
    %jmp T_0.26;
T_0.12 ;
    %load/vec4 v0x11fe2bf40_0;
    %ix/load 4, 12, 0;
    %flag_set/imm 4, 0;
    %shiftl 4;
    %store/vec4 v0x11fe084b0_0, 0, 25;
    %pushi/vec4 12, 0, 5;
    %store/vec4 v0x11fe2be90_0, 0, 5;
    %jmp T_0.26;
T_0.13 ;
    %load/vec4 v0x11fe2bf40_0;
    %ix/load 4, 13, 0;
    %flag_set/imm 4, 0;
    %shiftl 4;
    %store/vec4 v0x11fe084b0_0, 0, 25;
    %pushi/vec4 13, 0, 5;
    %store/vec4 v0x11fe2be90_0, 0, 5;
    %jmp T_0.26;
T_0.14 ;
    %load/vec4 v0x11fe2bf40_0;
    %ix/load 4, 14, 0;
    %flag_set/imm 4, 0;
    %shiftl 4;
    %store/vec4 v0x11fe084b0_0, 0, 25;
    %pushi/vec4 14, 0, 5;
    %store/vec4 v0x11fe2be90_0, 0, 5;
    %jmp T_0.26;
T_0.15 ;
    %load/vec4 v0x11fe2bf40_0;
    %ix/load 4, 15, 0;
    %flag_set/imm 4, 0;
    %shiftl 4;
    %store/vec4 v0x11fe084b0_0, 0, 25;
    %pushi/vec4 15, 0, 5;
    %store/vec4 v0x11fe2be90_0, 0, 5;
    %jmp T_0.26;
T_0.16 ;
    %load/vec4 v0x11fe2bf40_0;
    %ix/load 4, 16, 0;
    %flag_set/imm 4, 0;
    %shiftl 4;
    %store/vec4 v0x11fe084b0_0, 0, 25;
    %pushi/vec4 16, 0, 5;
    %store/vec4 v0x11fe2be90_0, 0, 5;
    %jmp T_0.26;
T_0.17 ;
    %load/vec4 v0x11fe2bf40_0;
    %ix/load 4, 17, 0;
    %flag_set/imm 4, 0;
    %shiftl 4;
    %store/vec4 v0x11fe084b0_0, 0, 25;
    %pushi/vec4 17, 0, 5;
    %store/vec4 v0x11fe2be90_0, 0, 5;
    %jmp T_0.26;
T_0.18 ;
    %load/vec4 v0x11fe2bf40_0;
    %ix/load 4, 18, 0;
    %flag_set/imm 4, 0;
    %shiftl 4;
    %store/vec4 v0x11fe084b0_0, 0, 25;
    %pushi/vec4 18, 0, 5;
    %store/vec4 v0x11fe2be90_0, 0, 5;
    %jmp T_0.26;
T_0.19 ;
    %load/vec4 v0x11fe2bf40_0;
    %ix/load 4, 19, 0;
    %flag_set/imm 4, 0;
    %shiftl 4;
    %store/vec4 v0x11fe084b0_0, 0, 25;
    %pushi/vec4 19, 0, 5;
    %store/vec4 v0x11fe2be90_0, 0, 5;
    %jmp T_0.26;
T_0.20 ;
    %load/vec4 v0x11fe2bf40_0;
    %ix/load 4, 20, 0;
    %flag_set/imm 4, 0;
    %shiftl 4;
    %store/vec4 v0x11fe084b0_0, 0, 25;
    %pushi/vec4 20, 0, 5;
    %store/vec4 v0x11fe2be90_0, 0, 5;
    %jmp T_0.26;
T_0.21 ;
    %load/vec4 v0x11fe2bf40_0;
    %ix/load 4, 21, 0;
    %flag_set/imm 4, 0;
    %shiftl 4;
    %store/vec4 v0x11fe084b0_0, 0, 25;
    %pushi/vec4 21, 0, 5;
    %store/vec4 v0x11fe2be90_0, 0, 5;
    %jmp T_0.26;
T_0.22 ;
    %load/vec4 v0x11fe2bf40_0;
    %ix/load 4, 22, 0;
    %flag_set/imm 4, 0;
    %shiftl 4;
    %store/vec4 v0x11fe084b0_0, 0, 25;
    %pushi/vec4 22, 0, 5;
    %store/vec4 v0x11fe2be90_0, 0, 5;
    %jmp T_0.26;
T_0.23 ;
    %load/vec4 v0x11fe2bf40_0;
    %ix/load 4, 23, 0;
    %flag_set/imm 4, 0;
    %shiftl 4;
    %store/vec4 v0x11fe084b0_0, 0, 25;
    %pushi/vec4 23, 0, 5;
    %store/vec4 v0x11fe2be90_0, 0, 5;
    %jmp T_0.26;
T_0.24 ;
    %load/vec4 v0x11fe2bf40_0;
    %ix/load 4, 24, 0;
    %flag_set/imm 4, 0;
    %shiftl 4;
    %store/vec4 v0x11fe084b0_0, 0, 25;
    %pushi/vec4 24, 0, 5;
    %store/vec4 v0x11fe2be90_0, 0, 5;
    %jmp T_0.26;
T_0.26 ;
    %pop/vec4 1;
    %jmp T_0;
    .thread T_0, $push;
# The file index is used to find the file name in the following table.
:file_names 3;
    "N/A";
    "<interactive>";
    "priority_encoder.v";
